<?xml version="1.0" encoding="UTF-8"?>
<!-- Generated by org.testng.reporters.JUnitReportReporter -->
<testsuite skipped="0" hostname="RAMESHRIYO" name="org.group.Test1" tests="3" failures="0" timestamp="31 Dec 2022 11:30:06 GMT" time="0.003" errors="0">
  <testcase name="tc1" time="0.001" classname="org.group.Test1"/>
  <testcase name="tc3" time="0.001" classname="org.group.Test1"/>
  <testcase name="tc2" time="0.001" classname="org.group.Test1"/>
</testsuite> <!-- org.group.Test1 -->
