<?xml version="1.0" encoding="UTF-8"?>
<!-- Generated by org.testng.reporters.JUnitReportReporter -->
<testsuite skipped="0" hostname="RAMESHRIYO" name="org.drivercheck.Hello1" tests="2" failures="0" timestamp="25 Jan 2023 08:11:45 GMT" time="16.267" errors="0">
  <testcase name="test" time="8.179" classname="org.drivercheck.Hello1"/>
  <testcase name="test" time="8.088" classname="org.drivercheck.Hello1"/>
</testsuite> <!-- org.drivercheck.Hello1 -->
