<?xml version="1.0" encoding="UTF-8"?>
<!-- Generated by org.testng.reporters.JUnitReportReporter -->
<testsuite skipped="0" hostname="RAMESHRIYO" name="org.paramater.Hello1" tests="2" failures="0" timestamp="28 Dec 2022 08:21:37 GMT" time="11.600" errors="0">
  <testcase name="test" time="6.429" classname="org.paramater.Hello1"/>
  <testcase name="test" time="5.171" classname="org.paramater.Hello1"/>
</testsuite> <!-- org.paramater.Hello1 -->
