<?xml version="1.0" encoding="UTF-8"?>
<!-- Generated by org.testng.reporters.JUnitReportReporter -->
<testsuite skipped="0" hostname="RAMESHRIYO" name="org.paramater.HelloId2" tests="3" failures="0" timestamp="28 Dec 2022 08:09:00 GMT" time="0.024" errors="0">
  <testcase name="tc3" time="0.016" classname="org.paramater.HelloId2"/>
  <testcase name="tc1" time="0.008" classname="org.paramater.HelloId2"/>
  <testcase name="tc2" time="0.000" classname="org.paramater.HelloId2"/>
</testsuite> <!-- org.paramater.HelloId2 -->
