<?xml version="1.0" encoding="UTF-8"?>
<!-- Generated by org.testng.reporters.JUnitReportReporter -->
<testsuite skipped="0" hostname="RAMESHRIYO" name="org.drivercheck.HelloId2" tests="3" failures="0" timestamp="02 Jan 2023 05:48:19 GMT" time="0.096" errors="0">
  <testcase name="tc2" time="0.032" classname="org.drivercheck.HelloId2"/>
  <testcase name="tc1" time="0.032" classname="org.drivercheck.HelloId2"/>
  <testcase name="tc3" time="0.032" classname="org.drivercheck.HelloId2"/>
</testsuite> <!-- org.drivercheck.HelloId2 -->
