<?xml version="1.0" encoding="UTF-8"?>
<!-- Generated by org.testng.reporters.JUnitReportReporter -->
<testsuite skipped="0" hostname="RAMESHRIYO" name="org.sample.Parameter" tests="2" failures="0" timestamp="28 Dec 2022 08:12:09 GMT" time="12.827" errors="0">
  <testcase name="dataProvider" time="5.362" classname="org.sample.Parameter"/>
  <testcase name="dataProvider" time="7.465" classname="org.sample.Parameter"/>
</testsuite> <!-- org.sample.Parameter -->
